<?xml version="1.0" encoding="UTF-8"?>
<!-- Generated by org.testng.reporters.JUnitReportReporter -->
<testsuite skipped="0" hostname="9CQX9K3" name="com.herokuapp.theinternet.loginpagetests.NegativeLogInTests" tests="10" failures="0" timestamp="13 May 2022 14:27:13 GMT" time="99.442" errors="0">
  <testcase name="negativeLogInTest" time="8.893" classname="com.herokuapp.theinternet.loginpagetests.NegativeLogInTests"/>
  <testcase name="negativeLogInTest" time="8.790" classname="com.herokuapp.theinternet.loginpagetests.NegativeLogInTests"/>
  <testcase name="negativeLogInTest" time="10.748" classname="com.herokuapp.theinternet.loginpagetests.NegativeLogInTests"/>
  <testcase name="negativeLogInTest" time="11.042" classname="com.herokuapp.theinternet.loginpagetests.NegativeLogInTests"/>
  <testcase name="negativeLogInTest" time="10.879" classname="com.herokuapp.theinternet.loginpagetests.NegativeLogInTests"/>
  <testcase name="negativeLogInTest" time="8.763" classname="com.herokuapp.theinternet.loginpagetests.NegativeLogInTests"/>
  <testcase name="negativeLogInTest" time="10.586" classname="com.herokuapp.theinternet.loginpagetests.NegativeLogInTests"/>
  <testcase name="negativeLogInTest" time="8.125" classname="com.herokuapp.theinternet.loginpagetests.NegativeLogInTests"/>
  <testcase name="negativeLogInTest" time="13.328" classname="com.herokuapp.theinternet.loginpagetests.NegativeLogInTests"/>
  <testcase name="negativeLogInTest" time="8.288" classname="com.herokuapp.theinternet.loginpagetests.NegativeLogInTests"/>
</testsuite> <!-- com.herokuapp.theinternet.loginpagetests.NegativeLogInTests -->
