<?xml version="1.0" encoding="UTF-8"?>
<!-- Generated by org.testng.reporters.JUnitReportReporter -->
<testsuite skipped="0" hostname="9CQX9K3" name="com.herokuapp.theinternet.draganddroptests.DragAndDropTests" tests="2" failures="0" timestamp="13 May 2022 14:27:13 GMT" time="18.344" errors="0">
  <testcase name="dragAToBTest" time="11.338" classname="com.herokuapp.theinternet.draganddroptests.DragAndDropTests"/>
  <testcase name="dragAToBTest" time="7.006" classname="com.herokuapp.theinternet.draganddroptests.DragAndDropTests"/>
</testsuite> <!-- com.herokuapp.theinternet.draganddroptests.DragAndDropTests -->
