<?xml version="1.0" encoding="UTF-8"?>
<!-- Generated by org.testng.reporters.JUnitReportReporter -->
<testsuite skipped="0" hostname="9CQX9K3" name="com.herokuapp.theinternet.checkboxespagetests.CheckboxesTests" tests="1" failures="0" timestamp="13 May 2022 14:27:13 GMT" time="11.266" errors="0">
  <testcase name="selectingTwoCheckboxesTest" time="11.266" classname="com.herokuapp.theinternet.checkboxespagetests.CheckboxesTests"/>
</testsuite> <!-- com.herokuapp.theinternet.checkboxespagetests.CheckboxesTests -->
