<?xml version="1.0" encoding="UTF-8"?>
<!-- Generated by org.testng.reporters.JUnitReportReporter -->
<testsuite skipped="0" hostname="9CQX9K3" name="com.herokuapp.theinternet.windowstests.WindowsTests" tests="1" failures="0" timestamp="13 May 2022 14:27:13 GMT" time="8.594" errors="0">
  <testcase name="newWindowTest" time="8.594" classname="com.herokuapp.theinternet.windowstests.WindowsTests"/>
</testsuite> <!-- com.herokuapp.theinternet.windowstests.WindowsTests -->
