<?xml version="1.0" encoding="UTF-8"?>
<!-- Generated by org.testng.reporters.JUnitReportReporter -->
<testsuite skipped="0" hostname="9CQX9K3" name="com.herokuapp.theinternet.dropdowntests.DropdownTest" tests="1" failures="0" timestamp="13 May 2022 14:27:13 GMT" time="7.133" errors="0">
  <testcase name="optionTwoTest" time="7.133" classname="com.herokuapp.theinternet.dropdowntests.DropdownTest"/>
</testsuite> <!-- com.herokuapp.theinternet.dropdowntests.DropdownTest -->
