<?xml version="1.0" encoding="UTF-8"?>
<!-- Generated by org.testng.reporters.JUnitReportReporter -->
<testsuite skipped="0" hostname="9CQX9K3" name="com.herokuapp.theinternet.loginpagetests.PositiveLogInTests" tests="1" failures="0" timestamp="13 May 2022 14:27:13 GMT" time="10.465" errors="0">
  <testcase name="logInTest" time="10.465" classname="com.herokuapp.theinternet.loginpagetests.PositiveLogInTests"/>
</testsuite> <!-- com.herokuapp.theinternet.loginpagetests.PositiveLogInTests -->
