<?xml version="1.0" encoding="UTF-8"?>
<!-- Generated by org.testng.reporters.JUnitReportReporter -->
<testsuite skipped="0" hostname="9CQX9K3" name="com.herokuapp.theinternet.keypressestests.KeyPressesTests" tests="2" failures="0" timestamp="13 May 2022 14:27:13 GMT" time="14.960" errors="0">
  <testcase name="pressKeyWithActionsTest" time="6.690" classname="com.herokuapp.theinternet.keypressestests.KeyPressesTests"/>
  <testcase name="pressKeyTest" time="8.270" classname="com.herokuapp.theinternet.keypressestests.KeyPressesTests"/>
</testsuite> <!-- com.herokuapp.theinternet.keypressestests.KeyPressesTests -->
